<?xml version="1.0" encoding="UTF-8"?>
<!-- Generated by org.testng.reporters.JUnitReportReporter -->
<testsuite hostname="DESKTOP-IBG7FIJ" failures="0" tests="2" name="moduleNameTestNg.Classc" time="6.553" errors="0" timestamp="2022-11-08T14:53:59 IST" skipped="0">
  <testcase classname="moduleNameTestNg.Classc" name="demo" time="3.372"/>
  <system-out/>
  <testcase classname="moduleNameTestNg.Classc" name="demo" time="3.181"/>
  <system-out/>
</testsuite> <!-- moduleNameTestNg.Classc -->
