<?xml version="1.0" encoding="UTF-8"?>
<!-- Generated by org.testng.reporters.JUnitReportReporter -->
<testsuite hostname="DESKTOP-IBG7FIJ" failures="0" tests="2" name="moduleNameTestNg.CreateCrossBrowser" time="17.549" errors="0" timestamp="2022-11-08T15:39:59 IST" skipped="0">
  <testcase classname="moduleNameTestNg.CreateCrossBrowser" name="demo" time="10.466"/>
  <system-out/>
  <testcase classname="moduleNameTestNg.CreateCrossBrowser" name="demo" time="7.083"/>
  <system-out/>
</testsuite> <!-- moduleNameTestNg.CreateCrossBrowser -->
