<?xml version="1.0" encoding="UTF-8"?>
<!-- Generated by org.testng.reporters.JUnitReportReporter -->
<testsuite hostname="DESKTOP-IBG7FIJ" failures="0" tests="2" name="moduleNameTestNg.ClassCc" time="11.683" errors="0" timestamp="2022-11-08T15:00:39 IST" skipped="0">
  <testcase classname="moduleNameTestNg.ClassCc" name="demo" time="5.818"/>
  <system-out/>
  <testcase classname="moduleNameTestNg.ClassCc" name="demo" time="5.865"/>
  <system-out/>
</testsuite> <!-- moduleNameTestNg.ClassCc -->
